2020-09-06 09:31:28,003 INFO 3208 [egg:logger] init all loggers with options: {"dir":"D:\\vscodewk\\node-example\\egg-demo\\logs\\egg-demo","encoding":"utf8","env":"local","level":"INFO","consoleLevel":"INFO","disableConsoleAfterReady":false,"outputJSON":false,"buffer":true,"appLogName":"egg-demo-web.log","coreLogName":"egg-web.log","agentLogName":"egg-agent.log","errorLogName":"common-error.log","coreLogger":{"consoleLevel":"WARN"},"allowDebugAtProd":false,"type":"application"}
2020-09-06 09:31:28,034 INFO 3208 [egg-multipart] stream mode enable
2020-09-06 09:31:28,158 INFO 3208 [egg-static] starting static serve /public/ -> D:\vscodewk\node-example\egg-demo\app\public
2020-09-06 09:31:28,162 INFO 3208 [egg-security] use csrf middleware
2020-09-06 09:31:28,163 INFO 3208 [egg-security] use methodnoallow middleware
2020-09-06 09:31:28,164 INFO 3208 [egg-security] use noopen middleware
2020-09-06 09:31:28,165 INFO 3208 [egg-security] use nosniff middleware
2020-09-06 09:31:28,166 INFO 3208 [egg-security] use xssProtection middleware
2020-09-06 09:31:28,166 INFO 3208 [egg-security] use xframe middleware
2020-09-06 09:31:28,167 INFO 3208 [egg-security] use dta middleware
2020-09-06 09:31:28,167 INFO 3208 [egg-security] compose 7 middlewares into one security middleware
2020-09-06 09:31:28,177 INFO 3208 [egg:core] dump config after load, 6ms
2020-09-06 09:31:28,189 INFO 3208 [egg-watcher:application] watcher start success
2020-09-06 09:31:28,195 INFO 3208 [egg:core] dump config after ready, 4ms
2020-09-06 09:32:23,881 INFO 16484 [egg:logger] init all loggers with options: {"dir":"D:\\vscodewk\\node-example\\egg-demo\\logs\\egg-demo","encoding":"utf8","env":"local","level":"INFO","consoleLevel":"INFO","disableConsoleAfterReady":false,"outputJSON":false,"buffer":true,"appLogName":"egg-demo-web.log","coreLogName":"egg-web.log","agentLogName":"egg-agent.log","errorLogName":"common-error.log","coreLogger":{"consoleLevel":"WARN"},"allowDebugAtProd":false,"type":"application"}
2020-09-06 09:32:23,918 INFO 16484 [egg-multipart] stream mode enable
2020-09-06 09:32:24,034 INFO 16484 [egg-static] starting static serve /public/ -> D:\vscodewk\node-example\egg-demo\app\public
2020-09-06 09:32:24,037 INFO 16484 [egg-security] use csrf middleware
2020-09-06 09:32:24,038 INFO 16484 [egg-security] use methodnoallow middleware
2020-09-06 09:32:24,039 INFO 16484 [egg-security] use noopen middleware
2020-09-06 09:32:24,040 INFO 16484 [egg-security] use nosniff middleware
2020-09-06 09:32:24,041 INFO 16484 [egg-security] use xssProtection middleware
2020-09-06 09:32:24,041 INFO 16484 [egg-security] use xframe middleware
2020-09-06 09:32:24,042 INFO 16484 [egg-security] use dta middleware
2020-09-06 09:32:24,042 INFO 16484 [egg-security] compose 7 middlewares into one security middleware
2020-09-06 09:32:24,055 INFO 16484 [egg:core] dump config after load, 4ms
2020-09-06 09:32:24,065 INFO 16484 [egg-watcher:application] watcher start success
2020-09-06 09:32:24,070 INFO 16484 [egg:core] dump config after ready, 3ms
2020-09-06 09:33:00,491 INFO 9664 [egg:logger] init all loggers with options: {"dir":"D:\\vscodewk\\node-example\\egg-demo\\logs\\egg-demo","encoding":"utf8","env":"local","level":"INFO","consoleLevel":"INFO","disableConsoleAfterReady":false,"outputJSON":false,"buffer":true,"appLogName":"egg-demo-web.log","coreLogName":"egg-web.log","agentLogName":"egg-agent.log","errorLogName":"common-error.log","coreLogger":{"consoleLevel":"WARN"},"allowDebugAtProd":false,"type":"application"}
2020-09-06 09:33:00,520 INFO 9664 [egg-multipart] stream mode enable
2020-09-06 09:33:00,616 INFO 9664 [egg-static] starting static serve /public/ -> D:\vscodewk\node-example\egg-demo\app\public
2020-09-06 09:33:00,618 INFO 9664 [egg-security] use csrf middleware
2020-09-06 09:33:00,620 INFO 9664 [egg-security] use methodnoallow middleware
2020-09-06 09:33:00,621 INFO 9664 [egg-security] use noopen middleware
2020-09-06 09:33:00,622 INFO 9664 [egg-security] use nosniff middleware
2020-09-06 09:33:00,622 INFO 9664 [egg-security] use xssProtection middleware
2020-09-06 09:33:00,623 INFO 9664 [egg-security] use xframe middleware
2020-09-06 09:33:00,624 INFO 9664 [egg-security] use dta middleware
2020-09-06 09:33:00,624 INFO 9664 [egg-security] compose 7 middlewares into one security middleware
2020-09-06 09:33:00,633 INFO 9664 [egg:core] dump config after load, 4ms
2020-09-06 09:33:00,643 INFO 9664 [egg-watcher:application] watcher start success
2020-09-06 09:33:00,648 INFO 9664 [egg:core] dump config after ready, 3ms
2020-09-06 09:34:32,950 INFO 2928 [egg:logger] init all loggers with options: {"dir":"D:\\vscodewk\\node-example\\egg-demo\\logs\\egg-demo","encoding":"utf8","env":"local","level":"INFO","consoleLevel":"INFO","disableConsoleAfterReady":false,"outputJSON":false,"buffer":true,"appLogName":"egg-demo-web.log","coreLogName":"egg-web.log","agentLogName":"egg-agent.log","errorLogName":"common-error.log","coreLogger":{"consoleLevel":"WARN"},"allowDebugAtProd":false,"type":"application"}
2020-09-06 09:34:32,980 INFO 2928 [egg-multipart] stream mode enable
2020-09-06 09:34:33,076 INFO 2928 [egg-static] starting static serve /public/ -> D:\vscodewk\node-example\egg-demo\app\public
2020-09-06 09:34:33,079 INFO 2928 [egg-security] use csrf middleware
2020-09-06 09:34:33,080 INFO 2928 [egg-security] use methodnoallow middleware
2020-09-06 09:34:33,081 INFO 2928 [egg-security] use noopen middleware
2020-09-06 09:34:33,082 INFO 2928 [egg-security] use nosniff middleware
2020-09-06 09:34:33,082 INFO 2928 [egg-security] use xssProtection middleware
2020-09-06 09:34:33,083 INFO 2928 [egg-security] use xframe middleware
2020-09-06 09:34:33,083 INFO 2928 [egg-security] use dta middleware
2020-09-06 09:34:33,084 INFO 2928 [egg-security] compose 7 middlewares into one security middleware
2020-09-06 09:34:33,092 INFO 2928 [egg:core] dump config after load, 6ms
2020-09-06 09:34:33,100 INFO 2928 [egg-watcher:application] watcher start success
2020-09-06 09:34:33,105 INFO 2928 [egg:core] dump config after ready, 3ms
2020-09-06 09:34:39,729 INFO 24336 [egg:logger] init all loggers with options: {"dir":"D:\\vscodewk\\node-example\\egg-demo\\logs\\egg-demo","encoding":"utf8","env":"local","level":"INFO","consoleLevel":"INFO","disableConsoleAfterReady":false,"outputJSON":false,"buffer":true,"appLogName":"egg-demo-web.log","coreLogName":"egg-web.log","agentLogName":"egg-agent.log","errorLogName":"common-error.log","coreLogger":{"consoleLevel":"WARN"},"allowDebugAtProd":false,"type":"application"}
2020-09-06 09:34:39,761 INFO 24336 [egg-multipart] stream mode enable
2020-09-06 09:34:39,864 INFO 24336 [egg-static] starting static serve /public/ -> D:\vscodewk\node-example\egg-demo\app\public
2020-09-06 09:34:39,867 INFO 24336 [egg-security] use csrf middleware
2020-09-06 09:34:39,868 INFO 24336 [egg-security] use methodnoallow middleware
2020-09-06 09:34:39,869 INFO 24336 [egg-security] use noopen middleware
2020-09-06 09:34:39,870 INFO 24336 [egg-security] use nosniff middleware
2020-09-06 09:34:39,871 INFO 24336 [egg-security] use xssProtection middleware
2020-09-06 09:34:39,871 INFO 24336 [egg-security] use xframe middleware
2020-09-06 09:34:39,872 INFO 24336 [egg-security] use dta middleware
2020-09-06 09:34:39,872 INFO 24336 [egg-security] compose 7 middlewares into one security middleware
2020-09-06 09:34:39,881 INFO 24336 [egg:core] dump config after load, 5ms
2020-09-06 09:34:39,889 INFO 24336 [egg-watcher:application] watcher start success
2020-09-06 09:34:39,894 INFO 24336 [egg:core] dump config after ready, 3ms
2020-09-06 09:34:57,458 INFO 22232 [egg:logger] init all loggers with options: {"dir":"D:\\vscodewk\\node-example\\egg-demo\\logs\\egg-demo","encoding":"utf8","env":"local","level":"INFO","consoleLevel":"INFO","disableConsoleAfterReady":false,"outputJSON":false,"buffer":true,"appLogName":"egg-demo-web.log","coreLogName":"egg-web.log","agentLogName":"egg-agent.log","errorLogName":"common-error.log","coreLogger":{"consoleLevel":"WARN"},"allowDebugAtProd":false,"type":"application"}
2020-09-06 09:34:57,491 INFO 22232 [egg-multipart] stream mode enable
2020-09-06 09:34:57,580 INFO 22232 [egg-static] starting static serve /public/ -> D:\vscodewk\node-example\egg-demo\app\public
2020-09-06 09:34:57,583 INFO 22232 [egg-security] use csrf middleware
2020-09-06 09:34:57,584 INFO 22232 [egg-security] use methodnoallow middleware
2020-09-06 09:34:57,585 INFO 22232 [egg-security] use noopen middleware
2020-09-06 09:34:57,586 INFO 22232 [egg-security] use nosniff middleware
2020-09-06 09:34:57,587 INFO 22232 [egg-security] use xssProtection middleware
2020-09-06 09:34:57,588 INFO 22232 [egg-security] use xframe middleware
2020-09-06 09:34:57,588 INFO 22232 [egg-security] use dta middleware
2020-09-06 09:34:57,588 INFO 22232 [egg-security] compose 7 middlewares into one security middleware
2020-09-06 09:34:57,598 INFO 22232 [egg:core] dump config after load, 5ms
2020-09-06 09:34:57,608 INFO 22232 [egg-watcher:application] watcher start success
2020-09-06 09:34:57,613 INFO 22232 [egg:core] dump config after ready, 4ms
2020-09-06 09:36:33,117 INFO 10532 [egg:logger] init all loggers with options: {"dir":"D:\\vscodewk\\node-example\\egg-demo\\logs\\egg-demo","encoding":"utf8","env":"local","level":"INFO","consoleLevel":"INFO","disableConsoleAfterReady":false,"outputJSON":false,"buffer":true,"appLogName":"egg-demo-web.log","coreLogName":"egg-web.log","agentLogName":"egg-agent.log","errorLogName":"common-error.log","coreLogger":{"consoleLevel":"WARN"},"allowDebugAtProd":false,"type":"application"}
2020-09-06 09:36:33,187 INFO 10532 [egg-multipart] stream mode enable
2020-09-06 09:36:33,395 INFO 10532 [egg-static] starting static serve /public/ -> D:\vscodewk\node-example\egg-demo\app\public
2020-09-06 09:36:33,403 INFO 10532 [egg-security] use csrf middleware
2020-09-06 09:36:33,405 INFO 10532 [egg-security] use methodnoallow middleware
2020-09-06 09:36:33,406 INFO 10532 [egg-security] use noopen middleware
2020-09-06 09:36:33,407 INFO 10532 [egg-security] use nosniff middleware
2020-09-06 09:36:33,408 INFO 10532 [egg-security] use xssProtection middleware
2020-09-06 09:36:33,409 INFO 10532 [egg-security] use xframe middleware
2020-09-06 09:36:33,409 INFO 10532 [egg-security] use dta middleware
2020-09-06 09:36:33,409 INFO 10532 [egg-security] compose 7 middlewares into one security middleware
2020-09-06 09:36:33,420 INFO 10532 [egg:core] dump config after load, 6ms
2020-09-06 09:36:33,429 INFO 10532 [egg-watcher:application] watcher start success
2020-09-06 09:36:33,436 INFO 10532 [egg:core] dump config after ready, 5ms
2020-09-06 09:36:37,508 INFO 21844 [egg:logger] init all loggers with options: {"dir":"D:\\vscodewk\\node-example\\egg-demo\\logs\\egg-demo","encoding":"utf8","env":"local","level":"INFO","consoleLevel":"INFO","disableConsoleAfterReady":false,"outputJSON":false,"buffer":true,"appLogName":"egg-demo-web.log","coreLogName":"egg-web.log","agentLogName":"egg-agent.log","errorLogName":"common-error.log","coreLogger":{"consoleLevel":"WARN"},"allowDebugAtProd":false,"type":"application"}
2020-09-06 09:36:37,537 INFO 21844 [egg-multipart] stream mode enable
2020-09-06 09:36:37,635 INFO 21844 [egg-static] starting static serve /public/ -> D:\vscodewk\node-example\egg-demo\app\public
2020-09-06 09:36:37,640 INFO 21844 [egg-security] use csrf middleware
2020-09-06 09:36:37,641 INFO 21844 [egg-security] use methodnoallow middleware
2020-09-06 09:36:37,642 INFO 21844 [egg-security] use noopen middleware
2020-09-06 09:36:37,643 INFO 21844 [egg-security] use nosniff middleware
2020-09-06 09:36:37,644 INFO 21844 [egg-security] use xssProtection middleware
2020-09-06 09:36:37,644 INFO 21844 [egg-security] use xframe middleware
2020-09-06 09:36:37,645 INFO 21844 [egg-security] use dta middleware
2020-09-06 09:36:37,645 INFO 21844 [egg-security] compose 7 middlewares into one security middleware
2020-09-06 09:36:37,653 INFO 21844 [egg:core] dump config after load, 4ms
2020-09-06 09:36:37,661 INFO 21844 [egg-watcher:application] watcher start success
2020-09-06 09:36:37,667 INFO 21844 [egg:core] dump config after ready, 4ms
2020-09-06 09:36:54,759 INFO 9932 [egg:logger] init all loggers with options: {"dir":"D:\\vscodewk\\node-example\\egg-demo\\logs\\egg-demo","encoding":"utf8","env":"local","level":"INFO","consoleLevel":"INFO","disableConsoleAfterReady":false,"outputJSON":false,"buffer":true,"appLogName":"egg-demo-web.log","coreLogName":"egg-web.log","agentLogName":"egg-agent.log","errorLogName":"common-error.log","coreLogger":{"consoleLevel":"WARN"},"allowDebugAtProd":false,"type":"application"}
2020-09-06 09:36:54,788 INFO 9932 [egg-multipart] stream mode enable
2020-09-06 09:36:54,895 INFO 9932 [egg-static] starting static serve /public/ -> D:\vscodewk\node-example\egg-demo\app\public
2020-09-06 09:36:54,898 INFO 9932 [egg-security] use csrf middleware
2020-09-06 09:36:54,901 INFO 9932 [egg-security] use methodnoallow middleware
2020-09-06 09:36:54,902 INFO 9932 [egg-security] use noopen middleware
2020-09-06 09:36:54,904 INFO 9932 [egg-security] use nosniff middleware
2020-09-06 09:36:54,905 INFO 9932 [egg-security] use xssProtection middleware
2020-09-06 09:36:54,906 INFO 9932 [egg-security] use xframe middleware
2020-09-06 09:36:54,907 INFO 9932 [egg-security] use dta middleware
2020-09-06 09:36:54,907 INFO 9932 [egg-security] compose 7 middlewares into one security middleware
2020-09-06 09:36:54,916 INFO 9932 [egg:core] dump config after load, 5ms
2020-09-06 09:36:54,926 INFO 9932 [egg-watcher:application] watcher start success
2020-09-06 09:36:54,932 INFO 9932 [egg:core] dump config after ready, 4ms
2020-09-06 09:36:58,238 INFO 16104 [egg:logger] init all loggers with options: {"dir":"D:\\vscodewk\\node-example\\egg-demo\\logs\\egg-demo","encoding":"utf8","env":"local","level":"INFO","consoleLevel":"INFO","disableConsoleAfterReady":false,"outputJSON":false,"buffer":true,"appLogName":"egg-demo-web.log","coreLogName":"egg-web.log","agentLogName":"egg-agent.log","errorLogName":"common-error.log","coreLogger":{"consoleLevel":"WARN"},"allowDebugAtProd":false,"type":"application"}
2020-09-06 09:36:58,305 INFO 16104 [egg-multipart] stream mode enable
2020-09-06 09:36:58,511 INFO 16104 [egg-static] starting static serve /public/ -> D:\vscodewk\node-example\egg-demo\app\public
2020-09-06 09:36:58,519 INFO 16104 [egg-security] use csrf middleware
2020-09-06 09:36:58,522 INFO 16104 [egg-security] use methodnoallow middleware
2020-09-06 09:36:58,523 INFO 16104 [egg-security] use noopen middleware
2020-09-06 09:36:58,526 INFO 16104 [egg-security] use nosniff middleware
2020-09-06 09:36:58,527 INFO 16104 [egg-security] use xssProtection middleware
2020-09-06 09:36:58,528 INFO 16104 [egg-security] use xframe middleware
2020-09-06 09:36:58,529 INFO 16104 [egg-security] use dta middleware
2020-09-06 09:36:58,529 INFO 16104 [egg-security] compose 7 middlewares into one security middleware
2020-09-06 09:36:58,542 INFO 16104 [egg:core] dump config after load, 6ms
2020-09-06 09:36:58,560 INFO 16104 [egg-watcher:application] watcher start success
2020-09-06 09:36:58,568 INFO 16104 [egg:core] dump config after ready, 5ms
2020-09-06 09:37:03,662 INFO 14016 [egg:logger] init all loggers with options: {"dir":"D:\\vscodewk\\node-example\\egg-demo\\logs\\egg-demo","encoding":"utf8","env":"local","level":"INFO","consoleLevel":"INFO","disableConsoleAfterReady":false,"outputJSON":false,"buffer":true,"appLogName":"egg-demo-web.log","coreLogName":"egg-web.log","agentLogName":"egg-agent.log","errorLogName":"common-error.log","coreLogger":{"consoleLevel":"WARN"},"allowDebugAtProd":false,"type":"application"}
2020-09-06 09:37:03,692 INFO 14016 [egg-multipart] stream mode enable
2020-09-06 09:37:03,791 INFO 14016 [egg-static] starting static serve /public/ -> D:\vscodewk\node-example\egg-demo\app\public
2020-09-06 09:37:03,794 INFO 14016 [egg-security] use csrf middleware
2020-09-06 09:37:03,796 INFO 14016 [egg-security] use methodnoallow middleware
2020-09-06 09:37:03,797 INFO 14016 [egg-security] use noopen middleware
2020-09-06 09:37:03,798 INFO 14016 [egg-security] use nosniff middleware
2020-09-06 09:37:03,799 INFO 14016 [egg-security] use xssProtection middleware
2020-09-06 09:37:03,800 INFO 14016 [egg-security] use xframe middleware
2020-09-06 09:37:03,800 INFO 14016 [egg-security] use dta middleware
2020-09-06 09:37:03,800 INFO 14016 [egg-security] compose 7 middlewares into one security middleware
2020-09-06 09:37:03,809 INFO 14016 [egg:core] dump config after load, 4ms
2020-09-06 09:37:03,817 INFO 14016 [egg-watcher:application] watcher start success
2020-09-06 09:37:03,823 INFO 14016 [egg:core] dump config after ready, 4ms
2020-09-06 09:38:47,766 INFO 20240 [egg:logger] init all loggers with options: {"dir":"D:\\vscodewk\\node-example\\egg-demo\\logs\\egg-demo","encoding":"utf8","env":"local","level":"INFO","consoleLevel":"INFO","disableConsoleAfterReady":false,"outputJSON":false,"buffer":true,"appLogName":"egg-demo-web.log","coreLogName":"egg-web.log","agentLogName":"egg-agent.log","errorLogName":"common-error.log","coreLogger":{"consoleLevel":"WARN"},"allowDebugAtProd":false,"type":"application"}
2020-09-06 09:38:47,796 INFO 20240 [egg-multipart] stream mode enable
2020-09-06 09:38:47,895 INFO 20240 [egg-static] starting static serve /public/ -> D:\vscodewk\node-example\egg-demo\app\public
2020-09-06 09:38:47,900 INFO 20240 [egg-security] use csrf middleware
2020-09-06 09:38:47,901 INFO 20240 [egg-security] use methodnoallow middleware
2020-09-06 09:38:47,902 INFO 20240 [egg-security] use noopen middleware
2020-09-06 09:38:47,903 INFO 20240 [egg-security] use nosniff middleware
2020-09-06 09:38:47,904 INFO 20240 [egg-security] use xssProtection middleware
2020-09-06 09:38:47,905 INFO 20240 [egg-security] use xframe middleware
2020-09-06 09:38:47,905 INFO 20240 [egg-security] use dta middleware
2020-09-06 09:38:47,905 INFO 20240 [egg-security] compose 7 middlewares into one security middleware
2020-09-06 09:38:47,915 INFO 20240 [egg:core] dump config after load, 4ms
2020-09-06 09:38:47,924 INFO 20240 [egg-watcher:application] watcher start success
2020-09-06 09:38:47,929 INFO 20240 [egg:core] dump config after ready, 4ms
2020-09-06 09:39:26,231 INFO 20368 [egg:logger] init all loggers with options: {"dir":"D:\\vscodewk\\node-example\\egg-demo\\logs\\egg-demo","encoding":"utf8","env":"local","level":"INFO","consoleLevel":"INFO","disableConsoleAfterReady":false,"outputJSON":false,"buffer":true,"appLogName":"egg-demo-web.log","coreLogName":"egg-web.log","agentLogName":"egg-agent.log","errorLogName":"common-error.log","coreLogger":{"consoleLevel":"WARN"},"allowDebugAtProd":false,"type":"application"}
2020-09-06 09:39:26,259 INFO 20368 [egg-multipart] stream mode enable
2020-09-06 09:39:26,359 INFO 20368 [egg-static] starting static serve /public/ -> D:\vscodewk\node-example\egg-demo\app\public
2020-09-06 09:39:26,362 INFO 20368 [egg-security] use csrf middleware
2020-09-06 09:39:26,365 INFO 20368 [egg-security] use methodnoallow middleware
2020-09-06 09:39:26,365 INFO 20368 [egg-security] use noopen middleware
2020-09-06 09:39:26,366 INFO 20368 [egg-security] use nosniff middleware
2020-09-06 09:39:26,367 INFO 20368 [egg-security] use xssProtection middleware
2020-09-06 09:39:26,368 INFO 20368 [egg-security] use xframe middleware
2020-09-06 09:39:26,369 INFO 20368 [egg-security] use dta middleware
2020-09-06 09:39:26,369 INFO 20368 [egg-security] compose 7 middlewares into one security middleware
2020-09-06 09:39:26,378 INFO 20368 [egg:core] dump config after load, 4ms
2020-09-06 09:39:26,387 INFO 20368 [egg-watcher:application] watcher start success
2020-09-06 09:39:26,392 INFO 20368 [egg:core] dump config after ready, 4ms
2020-09-06 09:39:41,238 INFO 15312 [egg:logger] init all loggers with options: {"dir":"D:\\vscodewk\\node-example\\egg-demo\\logs\\egg-demo","encoding":"utf8","env":"local","level":"INFO","consoleLevel":"INFO","disableConsoleAfterReady":false,"outputJSON":false,"buffer":true,"appLogName":"egg-demo-web.log","coreLogName":"egg-web.log","agentLogName":"egg-agent.log","errorLogName":"common-error.log","coreLogger":{"consoleLevel":"WARN"},"allowDebugAtProd":false,"type":"application"}
2020-09-06 09:39:41,267 INFO 15312 [egg-multipart] stream mode enable
2020-09-06 09:39:41,367 INFO 15312 [egg-static] starting static serve /public/ -> D:\vscodewk\node-example\egg-demo\app\public
2020-09-06 09:39:41,370 INFO 15312 [egg-security] use csrf middleware
2020-09-06 09:39:41,373 INFO 15312 [egg-security] use methodnoallow middleware
2020-09-06 09:39:41,373 INFO 15312 [egg-security] use noopen middleware
2020-09-06 09:39:41,374 INFO 15312 [egg-security] use nosniff middleware
2020-09-06 09:39:41,375 INFO 15312 [egg-security] use xssProtection middleware
2020-09-06 09:39:41,376 INFO 15312 [egg-security] use xframe middleware
2020-09-06 09:39:41,376 INFO 15312 [egg-security] use dta middleware
2020-09-06 09:39:41,376 INFO 15312 [egg-security] compose 7 middlewares into one security middleware
2020-09-06 09:39:41,386 INFO 15312 [egg:core] dump config after load, 4ms
2020-09-06 09:39:41,395 INFO 15312 [egg-watcher:application] watcher start success
2020-09-06 09:39:41,401 INFO 15312 [egg:core] dump config after ready, 4ms
2020-09-06 09:40:38,441 INFO 15872 [egg:logger] init all loggers with options: {"dir":"D:\\vscodewk\\node-example\\egg-demo\\logs\\egg-demo","encoding":"utf8","env":"local","level":"INFO","consoleLevel":"INFO","disableConsoleAfterReady":false,"outputJSON":false,"buffer":true,"appLogName":"egg-demo-web.log","coreLogName":"egg-web.log","agentLogName":"egg-agent.log","errorLogName":"common-error.log","coreLogger":{"consoleLevel":"WARN"},"allowDebugAtProd":false,"type":"application"}
2020-09-06 09:40:38,471 INFO 15872 [egg-multipart] stream mode enable
2020-09-06 09:40:38,561 INFO 15872 [egg-static] starting static serve /public/ -> D:\vscodewk\node-example\egg-demo\app\public
2020-09-06 09:40:38,564 INFO 15872 [egg-security] use csrf middleware
2020-09-06 09:40:38,567 INFO 15872 [egg-security] use methodnoallow middleware
2020-09-06 09:40:38,568 INFO 15872 [egg-security] use noopen middleware
2020-09-06 09:40:38,569 INFO 15872 [egg-security] use nosniff middleware
2020-09-06 09:40:38,570 INFO 15872 [egg-security] use xssProtection middleware
2020-09-06 09:40:38,570 INFO 15872 [egg-security] use xframe middleware
2020-09-06 09:40:38,571 INFO 15872 [egg-security] use dta middleware
2020-09-06 09:40:38,571 INFO 15872 [egg-security] compose 7 middlewares into one security middleware
2020-09-06 09:40:38,581 INFO 15872 [egg:core] dump config after load, 4ms
2020-09-06 09:40:38,589 INFO 15872 [egg-watcher:application] watcher start success
2020-09-06 09:40:38,594 INFO 15872 [egg:core] dump config after ready, 3ms
2020-09-06 09:45:53,871 INFO 6784 [egg:logger] init all loggers with options: {"dir":"D:\\vscodewk\\node-example\\egg-demo\\logs\\egg-demo","encoding":"utf8","env":"local","level":"INFO","consoleLevel":"INFO","disableConsoleAfterReady":false,"outputJSON":false,"buffer":true,"appLogName":"egg-demo-web.log","coreLogName":"egg-web.log","agentLogName":"egg-agent.log","errorLogName":"common-error.log","coreLogger":{"consoleLevel":"WARN"},"allowDebugAtProd":false,"type":"application"}
2020-09-06 09:45:53,942 INFO 6784 [egg-multipart] stream mode enable
2020-09-06 09:45:54,175 INFO 6784 [egg-static] starting static serve /public/ -> D:\vscodewk\node-example\egg-demo\app\public
2020-09-06 09:45:54,180 INFO 6784 [egg-security] use csrf middleware
2020-09-06 09:45:54,184 INFO 6784 [egg-security] use methodnoallow middleware
2020-09-06 09:45:54,185 INFO 6784 [egg-security] use noopen middleware
2020-09-06 09:45:54,186 INFO 6784 [egg-security] use nosniff middleware
2020-09-06 09:45:54,187 INFO 6784 [egg-security] use xssProtection middleware
2020-09-06 09:45:54,188 INFO 6784 [egg-security] use xframe middleware
2020-09-06 09:45:54,190 INFO 6784 [egg-security] use dta middleware
2020-09-06 09:45:54,190 INFO 6784 [egg-security] compose 7 middlewares into one security middleware
2020-09-06 09:45:54,209 INFO 6784 [egg:core] dump config after load, 9ms
2020-09-06 09:45:54,236 INFO 6784 [egg-watcher:application] watcher start success
2020-09-06 09:45:54,255 INFO 6784 [egg:core] dump config after ready, 14ms
2020-09-06 09:46:00,704 INFO 6784 [egg-view-nunjucks] loading templates from ["D:\\vscodewk\\node-example\\egg-demo\\app\\view"]
2020-09-06 09:46:24,696 INFO 21252 [egg:logger] init all loggers with options: {"dir":"D:\\vscodewk\\node-example\\egg-demo\\logs\\egg-demo","encoding":"utf8","env":"local","level":"INFO","consoleLevel":"INFO","disableConsoleAfterReady":false,"outputJSON":false,"buffer":true,"appLogName":"egg-demo-web.log","coreLogName":"egg-web.log","agentLogName":"egg-agent.log","errorLogName":"common-error.log","coreLogger":{"consoleLevel":"WARN"},"allowDebugAtProd":false,"type":"application"}
2020-09-06 09:46:24,725 INFO 21252 [egg-multipart] stream mode enable
2020-09-06 09:46:24,823 INFO 21252 [egg-static] starting static serve /public/ -> D:\vscodewk\node-example\egg-demo\app\public
2020-09-06 09:46:24,826 INFO 21252 [egg-security] use csrf middleware
2020-09-06 09:46:24,829 INFO 21252 [egg-security] use methodnoallow middleware
2020-09-06 09:46:24,829 INFO 21252 [egg-security] use noopen middleware
2020-09-06 09:46:24,830 INFO 21252 [egg-security] use nosniff middleware
2020-09-06 09:46:24,831 INFO 21252 [egg-security] use xssProtection middleware
2020-09-06 09:46:24,832 INFO 21252 [egg-security] use xframe middleware
2020-09-06 09:46:24,833 INFO 21252 [egg-security] use dta middleware
2020-09-06 09:46:24,833 INFO 21252 [egg-security] compose 7 middlewares into one security middleware
2020-09-06 09:46:24,842 INFO 21252 [egg:core] dump config after load, 4ms
2020-09-06 09:46:24,850 INFO 21252 [egg-watcher:application] watcher start success
2020-09-06 09:46:24,856 INFO 21252 [egg:core] dump config after ready, 4ms
2020-09-06 09:46:37,856 INFO 7684 [egg:logger] init all loggers with options: {"dir":"D:\\vscodewk\\node-example\\egg-demo\\logs\\egg-demo","encoding":"utf8","env":"local","level":"INFO","consoleLevel":"INFO","disableConsoleAfterReady":false,"outputJSON":false,"buffer":true,"appLogName":"egg-demo-web.log","coreLogName":"egg-web.log","agentLogName":"egg-agent.log","errorLogName":"common-error.log","coreLogger":{"consoleLevel":"WARN"},"allowDebugAtProd":false,"type":"application"}
2020-09-06 09:46:37,893 INFO 7684 [egg-multipart] stream mode enable
2020-09-06 09:46:38,008 INFO 7684 [egg-static] starting static serve /public/ -> D:\vscodewk\node-example\egg-demo\app\public
2020-09-06 09:46:38,013 INFO 7684 [egg-security] use csrf middleware
2020-09-06 09:46:38,014 INFO 7684 [egg-security] use methodnoallow middleware
2020-09-06 09:46:38,015 INFO 7684 [egg-security] use noopen middleware
2020-09-06 09:46:38,016 INFO 7684 [egg-security] use nosniff middleware
2020-09-06 09:46:38,016 INFO 7684 [egg-security] use xssProtection middleware
2020-09-06 09:46:38,017 INFO 7684 [egg-security] use xframe middleware
2020-09-06 09:46:38,018 INFO 7684 [egg-security] use dta middleware
2020-09-06 09:46:38,018 INFO 7684 [egg-security] compose 7 middlewares into one security middleware
2020-09-06 09:46:38,026 INFO 7684 [egg:core] dump config after load, 3ms
2020-09-06 09:46:38,035 INFO 7684 [egg-watcher:application] watcher start success
2020-09-06 09:46:38,040 INFO 7684 [egg:core] dump config after ready, 4ms
2020-09-06 09:50:25,934 INFO 2424 [egg:logger] init all loggers with options: {"dir":"D:\\vscodewk\\node-example\\egg-demo\\logs\\egg-demo","encoding":"utf8","env":"local","level":"INFO","consoleLevel":"INFO","disableConsoleAfterReady":false,"outputJSON":false,"buffer":true,"appLogName":"egg-demo-web.log","coreLogName":"egg-web.log","agentLogName":"egg-agent.log","errorLogName":"common-error.log","coreLogger":{"consoleLevel":"WARN"},"allowDebugAtProd":false,"type":"application"}
2020-09-06 09:50:25,968 INFO 2424 [egg-multipart] stream mode enable
2020-09-06 09:50:26,069 INFO 2424 [egg-static] starting static serve /public/ -> D:\vscodewk\node-example\egg-demo\app\public
2020-09-06 09:50:26,074 INFO 2424 [egg-security] use csrf middleware
2020-09-06 09:50:26,075 INFO 2424 [egg-security] use methodnoallow middleware
2020-09-06 09:50:26,076 INFO 2424 [egg-security] use noopen middleware
2020-09-06 09:50:26,077 INFO 2424 [egg-security] use nosniff middleware
2020-09-06 09:50:26,078 INFO 2424 [egg-security] use xssProtection middleware
2020-09-06 09:50:26,079 INFO 2424 [egg-security] use xframe middleware
2020-09-06 09:50:26,079 INFO 2424 [egg-security] use dta middleware
2020-09-06 09:50:26,079 INFO 2424 [egg-security] compose 7 middlewares into one security middleware
2020-09-06 09:50:26,088 INFO 2424 [egg:core] dump config after load, 4ms
2020-09-06 09:50:26,097 INFO 2424 [egg-watcher:application] watcher start success
2020-09-06 09:50:26,103 INFO 2424 [egg:core] dump config after ready, 5ms
2020-09-06 09:50:38,172 INFO 1820 [egg:logger] init all loggers with options: {"dir":"D:\\vscodewk\\node-example\\egg-demo\\logs\\egg-demo","encoding":"utf8","env":"local","level":"INFO","consoleLevel":"INFO","disableConsoleAfterReady":false,"outputJSON":false,"buffer":true,"appLogName":"egg-demo-web.log","coreLogName":"egg-web.log","agentLogName":"egg-agent.log","errorLogName":"common-error.log","coreLogger":{"consoleLevel":"WARN"},"allowDebugAtProd":false,"type":"application"}
2020-09-06 09:50:38,204 INFO 1820 [egg-multipart] stream mode enable
2020-09-06 09:50:38,307 INFO 1820 [egg-static] starting static serve /public/ -> D:\vscodewk\node-example\egg-demo\app\public
2020-09-06 09:50:38,311 INFO 1820 [egg-security] use csrf middleware
2020-09-06 09:50:38,312 INFO 1820 [egg-security] use methodnoallow middleware
2020-09-06 09:50:38,313 INFO 1820 [egg-security] use noopen middleware
2020-09-06 09:50:38,314 INFO 1820 [egg-security] use nosniff middleware
2020-09-06 09:50:38,315 INFO 1820 [egg-security] use xssProtection middleware
2020-09-06 09:50:38,316 INFO 1820 [egg-security] use xframe middleware
2020-09-06 09:50:38,317 INFO 1820 [egg-security] use dta middleware
2020-09-06 09:50:38,317 INFO 1820 [egg-security] compose 7 middlewares into one security middleware
2020-09-06 09:50:38,327 INFO 1820 [egg:core] dump config after load, 5ms
2020-09-06 09:50:38,335 INFO 1820 [egg-watcher:application] watcher start success
2020-09-06 09:50:38,341 INFO 1820 [egg:core] dump config after ready, 4ms
2020-09-06 09:51:56,648 INFO 24480 [egg:logger] init all loggers with options: {"dir":"D:\\vscodewk\\node-example\\egg-demo\\logs\\egg-demo","encoding":"utf8","env":"local","level":"INFO","consoleLevel":"INFO","disableConsoleAfterReady":false,"outputJSON":false,"buffer":true,"appLogName":"egg-demo-web.log","coreLogName":"egg-web.log","agentLogName":"egg-agent.log","errorLogName":"common-error.log","coreLogger":{"consoleLevel":"WARN"},"allowDebugAtProd":false,"type":"application"}
2020-09-06 09:51:56,677 INFO 24480 [egg-multipart] stream mode enable
2020-09-06 09:51:56,775 INFO 24480 [egg-static] starting static serve /public/ -> D:\vscodewk\node-example\egg-demo\app\public
2020-09-06 09:51:56,779 INFO 24480 [egg-security] use csrf middleware
2020-09-06 09:51:56,780 INFO 24480 [egg-security] use methodnoallow middleware
2020-09-06 09:51:56,780 INFO 24480 [egg-security] use noopen middleware
2020-09-06 09:51:56,781 INFO 24480 [egg-security] use nosniff middleware
2020-09-06 09:51:56,782 INFO 24480 [egg-security] use xssProtection middleware
2020-09-06 09:51:56,783 INFO 24480 [egg-security] use xframe middleware
2020-09-06 09:51:56,783 INFO 24480 [egg-security] use dta middleware
2020-09-06 09:51:56,783 INFO 24480 [egg-security] compose 7 middlewares into one security middleware
2020-09-06 09:51:56,792 INFO 24480 [egg:core] dump config after load, 4ms
2020-09-06 09:51:56,801 INFO 24480 [egg-watcher:application] watcher start success
2020-09-06 09:51:56,806 INFO 24480 [egg:core] dump config after ready, 4ms
2020-09-06 09:52:03,420 INFO 27016 [egg:logger] init all loggers with options: {"dir":"D:\\vscodewk\\node-example\\egg-demo\\logs\\egg-demo","encoding":"utf8","env":"local","level":"INFO","consoleLevel":"INFO","disableConsoleAfterReady":false,"outputJSON":false,"buffer":true,"appLogName":"egg-demo-web.log","coreLogName":"egg-web.log","agentLogName":"egg-agent.log","errorLogName":"common-error.log","coreLogger":{"consoleLevel":"WARN"},"allowDebugAtProd":false,"type":"application"}
2020-09-06 09:52:03,449 INFO 27016 [egg-multipart] stream mode enable
2020-09-06 09:52:03,544 INFO 27016 [egg-static] starting static serve /public/ -> D:\vscodewk\node-example\egg-demo\app\public
2020-09-06 09:52:03,548 INFO 27016 [egg-security] use csrf middleware
2020-09-06 09:52:03,549 INFO 27016 [egg-security] use methodnoallow middleware
2020-09-06 09:52:03,550 INFO 27016 [egg-security] use noopen middleware
2020-09-06 09:52:03,551 INFO 27016 [egg-security] use nosniff middleware
2020-09-06 09:52:03,551 INFO 27016 [egg-security] use xssProtection middleware
2020-09-06 09:52:03,552 INFO 27016 [egg-security] use xframe middleware
2020-09-06 09:52:03,553 INFO 27016 [egg-security] use dta middleware
2020-09-06 09:52:03,553 INFO 27016 [egg-security] compose 7 middlewares into one security middleware
2020-09-06 09:52:03,562 INFO 27016 [egg:core] dump config after load, 4ms
2020-09-06 09:52:03,570 INFO 27016 [egg-watcher:application] watcher start success
2020-09-06 09:52:03,576 INFO 27016 [egg:core] dump config after ready, 4ms
2020-09-06 09:53:42,006 INFO 3236 [egg:logger] init all loggers with options: {"dir":"D:\\vscodewk\\node-example\\egg-demo\\logs\\egg-demo","encoding":"utf8","env":"local","level":"INFO","consoleLevel":"INFO","disableConsoleAfterReady":false,"outputJSON":false,"buffer":true,"appLogName":"egg-demo-web.log","coreLogName":"egg-web.log","agentLogName":"egg-agent.log","errorLogName":"common-error.log","coreLogger":{"consoleLevel":"WARN"},"allowDebugAtProd":false,"type":"application"}
2020-09-06 09:53:42,036 INFO 3236 [egg-multipart] stream mode enable
2020-09-06 09:53:42,133 INFO 3236 [egg-static] starting static serve /public/ -> D:\vscodewk\node-example\egg-demo\app\public
2020-09-06 09:53:42,137 INFO 3236 [egg-security] use csrf middleware
2020-09-06 09:53:42,139 INFO 3236 [egg-security] use methodnoallow middleware
2020-09-06 09:53:42,139 INFO 3236 [egg-security] use noopen middleware
2020-09-06 09:53:42,140 INFO 3236 [egg-security] use nosniff middleware
2020-09-06 09:53:42,141 INFO 3236 [egg-security] use xssProtection middleware
2020-09-06 09:53:42,142 INFO 3236 [egg-security] use xframe middleware
2020-09-06 09:53:42,142 INFO 3236 [egg-security] use dta middleware
2020-09-06 09:53:42,143 INFO 3236 [egg-security] compose 7 middlewares into one security middleware
2020-09-06 09:53:42,152 INFO 3236 [egg:core] dump config after load, 4ms
2020-09-06 09:53:42,161 INFO 3236 [egg-watcher:application] watcher start success
2020-09-06 09:53:42,166 INFO 3236 [egg:core] dump config after ready, 4ms
2020-09-06 09:53:44,301 INFO 20304 [egg:logger] init all loggers with options: {"dir":"D:\\vscodewk\\node-example\\egg-demo\\logs\\egg-demo","encoding":"utf8","env":"local","level":"INFO","consoleLevel":"INFO","disableConsoleAfterReady":false,"outputJSON":false,"buffer":true,"appLogName":"egg-demo-web.log","coreLogName":"egg-web.log","agentLogName":"egg-agent.log","errorLogName":"common-error.log","coreLogger":{"consoleLevel":"WARN"},"allowDebugAtProd":false,"type":"application"}
2020-09-06 09:53:44,333 INFO 20304 [egg-multipart] stream mode enable
2020-09-06 09:53:44,426 INFO 20304 [egg-static] starting static serve /public/ -> D:\vscodewk\node-example\egg-demo\app\public
2020-09-06 09:53:44,431 INFO 20304 [egg-security] use csrf middleware
2020-09-06 09:53:44,433 INFO 20304 [egg-security] use methodnoallow middleware
2020-09-06 09:53:44,434 INFO 20304 [egg-security] use noopen middleware
2020-09-06 09:53:44,435 INFO 20304 [egg-security] use nosniff middleware
2020-09-06 09:53:44,436 INFO 20304 [egg-security] use xssProtection middleware
2020-09-06 09:53:44,437 INFO 20304 [egg-security] use xframe middleware
2020-09-06 09:53:44,437 INFO 20304 [egg-security] use dta middleware
2020-09-06 09:53:44,437 INFO 20304 [egg-security] compose 7 middlewares into one security middleware
2020-09-06 09:53:44,446 INFO 20304 [egg:core] dump config after load, 4ms
2020-09-06 09:53:44,454 INFO 20304 [egg-watcher:application] watcher start success
2020-09-06 09:53:44,460 INFO 20304 [egg:core] dump config after ready, 4ms
2020-09-06 09:55:39,124 INFO 9832 [egg:logger] init all loggers with options: {"dir":"D:\\vscodewk\\node-example\\egg-demo\\logs\\egg-demo","encoding":"utf8","env":"local","level":"INFO","consoleLevel":"INFO","disableConsoleAfterReady":false,"outputJSON":false,"buffer":true,"appLogName":"egg-demo-web.log","coreLogName":"egg-web.log","agentLogName":"egg-agent.log","errorLogName":"common-error.log","coreLogger":{"consoleLevel":"WARN"},"allowDebugAtProd":false,"type":"application"}
2020-09-06 09:55:39,184 INFO 9832 [egg-multipart] stream mode enable
2020-09-06 09:55:39,387 INFO 9832 [egg-static] starting static serve /public/ -> D:\vscodewk\node-example\egg-demo\app\public
2020-09-06 09:55:39,393 INFO 9832 [egg-security] use csrf middleware
2020-09-06 09:55:39,394 INFO 9832 [egg-security] use methodnoallow middleware
2020-09-06 09:55:39,395 INFO 9832 [egg-security] use noopen middleware
2020-09-06 09:55:39,396 INFO 9832 [egg-security] use nosniff middleware
2020-09-06 09:55:39,397 INFO 9832 [egg-security] use xssProtection middleware
2020-09-06 09:55:39,398 INFO 9832 [egg-security] use xframe middleware
2020-09-06 09:55:39,398 INFO 9832 [egg-security] use dta middleware
2020-09-06 09:55:39,398 INFO 9832 [egg-security] compose 7 middlewares into one security middleware
2020-09-06 09:55:39,408 INFO 9832 [egg:core] dump config after load, 4ms
2020-09-06 09:55:39,419 INFO 9832 [egg-watcher:application] watcher start success
2020-09-06 09:55:39,425 INFO 9832 [egg:core] dump config after ready, 4ms
