[2020-09-05T09:06:34.630] [INFO] normal - test info 1
[2020-09-05T09:07:43.013] [INFO] normal - test info 1
[2020-09-05T09:07:57.785] [INFO] normal - test info 1
[2020-09-05T09:08:42.094] [INFO] normal - test info 1
[2020-09-05T09:09:11.764] [INFO] normal - test info 1
[2020-09-05T09:09:31.789] [INFO] normal - test info 1
[2020-09-05T09:09:35.332] [INFO] normal - >>>>>>>>>>>>>>>>>>>>>>>>>>>>>>>>>>>>>
[2020-09-05T09:09:35.333] [INFO] normal - localhost - - method: GET, url: /, 请求参数：{}
[2020-09-05T09:09:35.336] [INFO] normal - >>>>>>>>>>>>>>>>>>>>>>>>>>>>>>>>>>>>>
[2020-09-05T09:09:36.244] [INFO] normal - >>>>>>>>>>>>>>>>>>>>>>>>>>>>>>>>>>>>>
[2020-09-05T09:09:36.272] [INFO] normal - localhost - - method: GET, url: /favicon.ico, 请求参数：{}
[2020-09-05T09:09:36.273] [INFO] normal - >>>>>>>>>>>>>>>>>>>>>>>>>>>>>>>>>>>>>
[2020-09-05T09:09:36.274] [INFO] normal - ---------错误日志-------- ClientError [NotFoundError]: Not Found
    at D:\vscodewk\node-example\express-gen\app.js:62:8
    at Layer.handle [as handle_request] (D:\vscodewk\node-example\express-gen\node_modules\express\lib\router\layer.js:95:5)
    at trim_prefix (D:\vscodewk\node-example\express-gen\node_modules\express\lib\router\index.js:317:13)
    at D:\vscodewk\node-example\express-gen\node_modules\express\lib\router\index.js:284:7
    at Function.process_params (D:\vscodewk\node-example\express-gen\node_modules\express\lib\router\index.js:335:12)
    at next (D:\vscodewk\node-example\express-gen\node_modules\express\lib\router\index.js:275:10)
    at D:\vscodewk\node-example\express-gen\node_modules\express\lib\router\index.js:635:15
    at next (D:\vscodewk\node-example\express-gen\node_modules\express\lib\router\index.js:260:14)
    at Function.handle (D:\vscodewk\node-example\express-gen\node_modules\express\lib\router\index.js:174:3)
    at router (D:\vscodewk\node-example\express-gen\node_modules\express\lib\router\index.js:47:12) {
  message: 'Not Found'
}
[2020-09-05T09:09:46.496] [INFO] normal - >>>>>>>>>>>>>>>>>>>>>>>>>>>>>>>>>>>>>
[2020-09-05T09:09:46.497] [INFO] normal - localhost - - method: GET, url: /error/errFile, 请求参数：{}
[2020-09-05T09:09:46.580] [INFO] normal - >>>>>>>>>>>>>>>>>>>>>>>>>>>>>>>>>>>>>
[2020-09-05T09:09:46.776] [INFO] normal - ---------错误日志-------- Error: 上传文件，错了！
    at ReadFileContext.callback (D:\vscodewk\node-example\express-gen\routes\error.js:18:18)
    at FSReqCallback.readFileAfterOpen [as oncomplete] (fs.js:239:13)
[2020-09-05T09:09:47.079] [INFO] normal - >>>>>>>>>>>>>>>>>>>>>>>>>>>>>>>>>>>>>
[2020-09-05T09:09:47.079] [INFO] normal - localhost - - method: GET, url: /favicon.ico, 请求参数：{}
[2020-09-05T09:09:47.112] [INFO] normal - >>>>>>>>>>>>>>>>>>>>>>>>>>>>>>>>>>>>>
[2020-09-05T09:09:47.113] [INFO] normal - ---------错误日志-------- ClientError [NotFoundError]: Not Found
    at D:\vscodewk\node-example\express-gen\app.js:62:8
    at Layer.handle [as handle_request] (D:\vscodewk\node-example\express-gen\node_modules\express\lib\router\layer.js:95:5)
    at trim_prefix (D:\vscodewk\node-example\express-gen\node_modules\express\lib\router\index.js:317:13)
    at D:\vscodewk\node-example\express-gen\node_modules\express\lib\router\index.js:284:7
    at Function.process_params (D:\vscodewk\node-example\express-gen\node_modules\express\lib\router\index.js:335:12)
    at next (D:\vscodewk\node-example\express-gen\node_modules\express\lib\router\index.js:275:10)
    at D:\vscodewk\node-example\express-gen\node_modules\express\lib\router\index.js:635:15
    at next (D:\vscodewk\node-example\express-gen\node_modules\express\lib\router\index.js:260:14)
    at Function.handle (D:\vscodewk\node-example\express-gen\node_modules\express\lib\router\index.js:174:3)
    at router (D:\vscodewk\node-example\express-gen\node_modules\express\lib\router\index.js:47:12) {
  message: 'Not Found'
}
[2020-09-05T09:22:29.679] [INFO] normal - test info 1
[2020-09-05T09:23:50.200] [INFO] normal - test info 1
[2020-09-05T09:23:51.493] [INFO] normal - test info 1
[2020-09-05T09:38:01.796] [INFO] normal - 这::ffff:192.168.1.3 ---64890
[2020-09-05T09:38:01.798] [INFO] normal - >>>>>>>>>>>>>>>>>>>>>>>>>>>>>>>>>>>>>
[2020-09-05T09:38:01.799] [INFO] normal - 192.168.1.2 - - method: GET, url: /, 请求参数：{}
[2020-09-05T09:38:01.799] [INFO] normal - >>>>>>>>>>>>>>>>>>>>>>>>>>>>>>>>>>>>>
[2020-09-05T09:38:02.657] [INFO] normal - 这::ffff:192.168.1.3 ---64891
[2020-09-05T09:38:02.657] [INFO] normal - >>>>>>>>>>>>>>>>>>>>>>>>>>>>>>>>>>>>>
[2020-09-05T09:38:02.657] [INFO] normal - 192.168.1.2 - - method: GET, url: /favicon.ico, 请求参数：{}
[2020-09-05T09:38:02.691] [INFO] normal - >>>>>>>>>>>>>>>>>>>>>>>>>>>>>>>>>>>>>
[2020-09-05T09:38:02.693] [INFO] normal - ---------错误日志-------- ClientError [NotFoundError]: Not Found
    at D:\vscodewk\node-example\express-gen\app.js:62:8
    at Layer.handle [as handle_request] (D:\vscodewk\node-example\express-gen\node_modules\express\lib\router\layer.js:95:5)
    at trim_prefix (D:\vscodewk\node-example\express-gen\node_modules\express\lib\router\index.js:317:13)
    at D:\vscodewk\node-example\express-gen\node_modules\express\lib\router\index.js:284:7
    at Function.process_params (D:\vscodewk\node-example\express-gen\node_modules\express\lib\router\index.js:335:12)
    at next (D:\vscodewk\node-example\express-gen\node_modules\express\lib\router\index.js:275:10)
    at D:\vscodewk\node-example\express-gen\node_modules\express\lib\router\index.js:635:15
    at next (D:\vscodewk\node-example\express-gen\node_modules\express\lib\router\index.js:260:14)
    at Function.handle (D:\vscodewk\node-example\express-gen\node_modules\express\lib\router\index.js:174:3)
    at router (D:\vscodewk\node-example\express-gen\node_modules\express\lib\router\index.js:47:12) {
  message: 'Not Found'
}
[2020-09-05T09:38:57.087] [INFO] normal - test info 1
[2020-09-05T09:39:15.741] [INFO] normal - >>>>>>>>>>>>>>>>>>>>>>>>>>>>>>>>>>>>>
[2020-09-05T09:39:15.743] [INFO] normal - ::ffff:192.168.1.3:64894 - - method: GET, url: /, 请求参数：{}
[2020-09-05T09:39:15.743] [INFO] normal - >>>>>>>>>>>>>>>>>>>>>>>>>>>>>>>>>>>>>
[2020-09-05T09:42:23.159] [INFO] normal - test info 1
[2020-09-05T09:42:28.824] [INFO] normal - >>>>>>>>>>>>>>>>>>>>>>>>>>>>>>>>>>>>>
[2020-09-05T09:42:28.863] [INFO] normal - ::ffff:192.168.1.3:64899 - - method: GET, url: /, 请求参数：{}
[2020-09-05T09:42:28.915] [INFO] normal - >>>>>>>>>>>>>>>>>>>>>>>>>>>>>>>>>>>>>
[2020-09-05T09:43:49.071] [INFO] normal - test info 1
[2020-09-05T09:45:49.399] [INFO] normal - test info 1
[2020-09-05T09:46:32.947] [INFO] normal - test info 1
[2020-09-05T09:46:38.219] [INFO] normal - test info 1
[2020-09-05T11:03:38.729] [INFO] normal - test info 1
[2020-09-05T11:03:43.567] [INFO] normal - test info 1
[2020-09-05T11:05:24.532] [INFO] normal - >>>>>>>>>>>>>>>>>>>>>>>>>>>>>>>>>>>>>
[2020-09-05T11:05:24.533] [INFO] normal - ::ffff:192.168.1.3:65369 - - method: GET, url: /, 请求参数：{}
[2020-09-05T11:05:24.534] [INFO] normal - >>>>>>>>>>>>>>>>>>>>>>>>>>>>>>>>>>>>>
[2020-09-05T11:06:30.415] [INFO] normal - >>>>>>>>>>>>>>>>>>>>>>>>>>>>>>>>>>>>>
[2020-09-05T11:06:30.416] [INFO] normal - ::ffff:192.168.1.3:65390 - - method: GET, url: /error, 请求参数：{"id":"12"}
[2020-09-05T11:06:30.417] [INFO] normal - >>>>>>>>>>>>>>>>>>>>>>>>>>>>>>>>>>>>>
[2020-09-05T11:06:30.418] [INFO] normal - ---------错误日志-------- Error: 哇哦，错了！
    at D:\vscodewk\node-example\express-gen\routes\error.js:8:11
    at Layer.handle [as handle_request] (D:\vscodewk\node-example\express-gen\node_modules\express\lib\router\layer.js:95:5)
    at next (D:\vscodewk\node-example\express-gen\node_modules\express\lib\router\route.js:137:13)
    at Route.dispatch (D:\vscodewk\node-example\express-gen\node_modules\express\lib\router\route.js:112:3)
    at Layer.handle [as handle_request] (D:\vscodewk\node-example\express-gen\node_modules\express\lib\router\layer.js:95:5)
    at D:\vscodewk\node-example\express-gen\node_modules\express\lib\router\index.js:281:22
    at Function.process_params (D:\vscodewk\node-example\express-gen\node_modules\express\lib\router\index.js:335:12)
    at next (D:\vscodewk\node-example\express-gen\node_modules\express\lib\router\index.js:275:10)
    at Function.handle (D:\vscodewk\node-example\express-gen\node_modules\express\lib\router\index.js:174:3)
    at router (D:\vscodewk\node-example\express-gen\node_modules\express\lib\router\index.js:47:12)
[2020-09-05T11:06:31.066] [INFO] normal - >>>>>>>>>>>>>>>>>>>>>>>>>>>>>>>>>>>>>
[2020-09-05T11:06:31.088] [INFO] normal - ::ffff:192.168.1.3:65391 - - method: GET, url: /favicon.ico, 请求参数：{}
[2020-09-05T11:06:31.089] [INFO] normal - >>>>>>>>>>>>>>>>>>>>>>>>>>>>>>>>>>>>>
[2020-09-05T11:06:31.090] [INFO] normal - ---------错误日志-------- ClientError [NotFoundError]: Not Found
    at D:\vscodewk\node-example\express-gen\app.js:62:8
    at Layer.handle [as handle_request] (D:\vscodewk\node-example\express-gen\node_modules\express\lib\router\layer.js:95:5)
    at trim_prefix (D:\vscodewk\node-example\express-gen\node_modules\express\lib\router\index.js:317:13)
    at D:\vscodewk\node-example\express-gen\node_modules\express\lib\router\index.js:284:7
    at Function.process_params (D:\vscodewk\node-example\express-gen\node_modules\express\lib\router\index.js:335:12)
    at next (D:\vscodewk\node-example\express-gen\node_modules\express\lib\router\index.js:275:10)
    at D:\vscodewk\node-example\express-gen\node_modules\express\lib\router\index.js:635:15
    at next (D:\vscodewk\node-example\express-gen\node_modules\express\lib\router\index.js:260:14)
    at Function.handle (D:\vscodewk\node-example\express-gen\node_modules\express\lib\router\index.js:174:3)
    at router (D:\vscodewk\node-example\express-gen\node_modules\express\lib\router\index.js:47:12) {
  message: 'Not Found'
}
[2020-09-05T11:07:19.808] [INFO] normal - test info 1
[2020-09-05T11:08:06.262] [INFO] normal - test info 1
[2020-09-05T11:08:08.425] [INFO] normal - >>>>>>>>>>>>>>>>>>>>>>>>>>>>>>>>>>>>>
[2020-09-05T11:08:08.460] [INFO] normal - ::ffff:192.168.1.3:65402 - - method: GET, url: /error, 请求参数：{"id":"12"}
[2020-09-05T11:08:08.461] [INFO] normal - >>>>>>>>>>>>>>>>>>>>>>>>>>>>>>>>>>>>>
[2020-09-05T11:08:08.463] [INFO] normal - ---------错误日志-------- Error: 哇哦，错了！
    at D:\vscodewk\node-example\express-gen\routes\error.js:8:11
    at Layer.handle [as handle_request] (D:\vscodewk\node-example\express-gen\node_modules\express\lib\router\layer.js:95:5)
    at next (D:\vscodewk\node-example\express-gen\node_modules\express\lib\router\route.js:137:13)
    at Route.dispatch (D:\vscodewk\node-example\express-gen\node_modules\express\lib\router\route.js:112:3)
    at Layer.handle [as handle_request] (D:\vscodewk\node-example\express-gen\node_modules\express\lib\router\layer.js:95:5)
    at D:\vscodewk\node-example\express-gen\node_modules\express\lib\router\index.js:281:22
    at Function.process_params (D:\vscodewk\node-example\express-gen\node_modules\express\lib\router\index.js:335:12)
    at next (D:\vscodewk\node-example\express-gen\node_modules\express\lib\router\index.js:275:10)
    at Function.handle (D:\vscodewk\node-example\express-gen\node_modules\express\lib\router\index.js:174:3)
    at router (D:\vscodewk\node-example\express-gen\node_modules\express\lib\router\index.js:47:12)
[2020-09-05T11:09:11.952] [INFO] normal - >>>>>>>>>>>>>>>>>>>>>>>>>>>>>>>>>>>>>
[2020-09-05T11:09:11.953] [INFO] normal - ::1:58367 - - method: POST, url: /error/errJson, 请求参数：{}
[2020-09-05T11:09:12.039] [INFO] normal - >>>>>>>>>>>>>>>>>>>>>>>>>>>>>>>>>>>>>
[2020-09-05T11:09:12.132] [INFO] normal - ---------错误日志-------- ClientError [NotFoundError]: Not Found
    at D:\vscodewk\node-example\express-gen\app.js:62:8
    at Layer.handle [as handle_request] (D:\vscodewk\node-example\express-gen\node_modules\express\lib\router\layer.js:95:5)
    at trim_prefix (D:\vscodewk\node-example\express-gen\node_modules\express\lib\router\index.js:317:13)
    at D:\vscodewk\node-example\express-gen\node_modules\express\lib\router\index.js:284:7
    at Function.process_params (D:\vscodewk\node-example\express-gen\node_modules\express\lib\router\index.js:335:12)
    at next (D:\vscodewk\node-example\express-gen\node_modules\express\lib\router\index.js:275:10)
    at D:\vscodewk\node-example\express-gen\node_modules\express\lib\router\index.js:635:15
    at next (D:\vscodewk\node-example\express-gen\node_modules\express\lib\router\index.js:260:14)
    at Function.handle (D:\vscodewk\node-example\express-gen\node_modules\express\lib\router\index.js:174:3)
    at router (D:\vscodewk\node-example\express-gen\node_modules\express\lib\router\index.js:47:12) {
  message: 'Not Found'
}
[2020-09-05T11:12:58.385] [INFO] normal - test info 1
[2020-09-05T11:13:17.735] [INFO] normal - test info 1
[2020-09-05T11:13:20.580] [INFO] normal - test info 1
[2020-09-05T11:13:35.521] [INFO] normal - test info 1
[2020-09-05T11:14:19.998] [INFO] normal - test info 1
[2020-09-05T11:14:34.093] [INFO] normal - test info 1
[2020-09-05T11:14:40.010] [INFO] normal - test info 1
[2020-09-05T11:14:49.984] [INFO] normal - >>>>>>>>>>>>>>>>>>>>>>>>>>>>>>>>>>>>>
[2020-09-05T11:14:49.986] [INFO] normal - ::1:58515 - - method: POST, url: /error/errJson, 请求参数：{} post:{"name":12}
[2020-09-05T11:14:50.007] [INFO] normal - >>>>>>>>>>>>>>>>>>>>>>>>>>>>>>>>>>>>>
[2020-09-05T11:14:50.009] [INFO] normal - ---------错误日志-------- ClientError [NotFoundError]: Not Found
    at D:\vscodewk\node-example\express-gen\app.js:69:8
    at Layer.handle [as handle_request] (D:\vscodewk\node-example\express-gen\node_modules\express\lib\router\layer.js:95:5)
    at trim_prefix (D:\vscodewk\node-example\express-gen\node_modules\express\lib\router\index.js:317:13)
    at D:\vscodewk\node-example\express-gen\node_modules\express\lib\router\index.js:284:7
    at Function.process_params (D:\vscodewk\node-example\express-gen\node_modules\express\lib\router\index.js:335:12)
    at next (D:\vscodewk\node-example\express-gen\node_modules\express\lib\router\index.js:275:10)
    at D:\vscodewk\node-example\express-gen\node_modules\express\lib\router\index.js:635:15
    at next (D:\vscodewk\node-example\express-gen\node_modules\express\lib\router\index.js:260:14)
    at Function.handle (D:\vscodewk\node-example\express-gen\node_modules\express\lib\router\index.js:174:3)
    at router (D:\vscodewk\node-example\express-gen\node_modules\express\lib\router\index.js:47:12) {
  message: 'Not Found'
}
[2020-09-05T11:15:39.433] [INFO] normal - test info 1
[2020-09-05T11:15:59.481] [INFO] normal - test info 1
[2020-09-05T11:16:04.949] [INFO] normal - test info 1
[2020-09-05T11:16:57.200] [INFO] normal - test info 1
[2020-09-05T11:18:12.854] [INFO] normal - test info 1
[2020-09-05T11:18:18.051] [INFO] normal - test info 1
[2020-09-05T11:18:30.205] [INFO] normal - test info 1
[2020-09-05T11:18:32.794] [INFO] normal - test info 1
[2020-09-05T11:18:45.637] [INFO] normal - test info 1
[2020-09-05T11:19:03.365] [INFO] normal - test info 1
[2020-09-05T11:19:08.020] [INFO] normal - test info 1
[2020-09-05T11:19:14.290] [INFO] normal - >>>>>>>>>>>>>>>>>>>>>>>>>>>>>>>>>>>>>
[2020-09-05T11:19:14.291] [INFO] normal - ::1:58571 - - method: POST, url: /error/errJson请求参数：{"name":12}
[2020-09-05T11:19:14.318] [INFO] normal - >>>>>>>>>>>>>>>>>>>>>>>>>>>>>>>>>>>>>
[2020-09-05T11:19:14.319] [INFO] normal - ---------错误日志-------- ClientError [NotFoundError]: Not Found
    at D:\vscodewk\node-example\express-gen\app.js:69:8
    at Layer.handle [as handle_request] (D:\vscodewk\node-example\express-gen\node_modules\express\lib\router\layer.js:95:5)
    at trim_prefix (D:\vscodewk\node-example\express-gen\node_modules\express\lib\router\index.js:317:13)
    at D:\vscodewk\node-example\express-gen\node_modules\express\lib\router\index.js:284:7
    at Function.process_params (D:\vscodewk\node-example\express-gen\node_modules\express\lib\router\index.js:335:12)
    at next (D:\vscodewk\node-example\express-gen\node_modules\express\lib\router\index.js:275:10)
    at D:\vscodewk\node-example\express-gen\node_modules\express\lib\router\index.js:635:15
    at next (D:\vscodewk\node-example\express-gen\node_modules\express\lib\router\index.js:260:14)
    at Function.handle (D:\vscodewk\node-example\express-gen\node_modules\express\lib\router\index.js:174:3)
    at router (D:\vscodewk\node-example\express-gen\node_modules\express\lib\router\index.js:47:12) {
  message: 'Not Found'
}
[2020-09-05T11:19:35.672] [INFO] normal - test info 1
[2020-09-05T11:19:39.591] [INFO] normal - >>>>>>>>>>>>>>>>>>>>>>>>>>>>>>>>>>>>>
[2020-09-05T11:19:39.592] [INFO] normal - ::1:58576 - - method: POST, url: /error/errJson, 请求参数：{"name":12}
[2020-09-05T11:19:39.694] [INFO] normal - >>>>>>>>>>>>>>>>>>>>>>>>>>>>>>>>>>>>>
[2020-09-05T11:19:39.845] [INFO] normal - ---------错误日志-------- ClientError [NotFoundError]: Not Found
    at D:\vscodewk\node-example\express-gen\app.js:69:8
    at Layer.handle [as handle_request] (D:\vscodewk\node-example\express-gen\node_modules\express\lib\router\layer.js:95:5)
    at trim_prefix (D:\vscodewk\node-example\express-gen\node_modules\express\lib\router\index.js:317:13)
    at D:\vscodewk\node-example\express-gen\node_modules\express\lib\router\index.js:284:7
    at Function.process_params (D:\vscodewk\node-example\express-gen\node_modules\express\lib\router\index.js:335:12)
    at next (D:\vscodewk\node-example\express-gen\node_modules\express\lib\router\index.js:275:10)
    at D:\vscodewk\node-example\express-gen\node_modules\express\lib\router\index.js:635:15
    at next (D:\vscodewk\node-example\express-gen\node_modules\express\lib\router\index.js:260:14)
    at Function.handle (D:\vscodewk\node-example\express-gen\node_modules\express\lib\router\index.js:174:3)
    at router (D:\vscodewk\node-example\express-gen\node_modules\express\lib\router\index.js:47:12) {
  message: 'Not Found'
}
[2020-09-05T11:20:22.373] [INFO] normal - test info 1
[2020-09-05T11:20:25.151] [INFO] normal - >>>>>>>>>>>>>>>>>>>>>>>>>>>>>>>>>>>>>
[2020-09-05T11:20:25.190] [INFO] normal - undefined:58587 - - method: POST, url: /error/errJson, 请求参数：{"name":12}
[2020-09-05T11:20:25.191] [INFO] normal - >>>>>>>>>>>>>>>>>>>>>>>>>>>>>>>>>>>>>
[2020-09-05T11:20:25.241] [INFO] normal - ---------错误日志-------- ClientError [NotFoundError]: Not Found
    at D:\vscodewk\node-example\express-gen\app.js:69:8
    at Layer.handle [as handle_request] (D:\vscodewk\node-example\express-gen\node_modules\express\lib\router\layer.js:95:5)
    at trim_prefix (D:\vscodewk\node-example\express-gen\node_modules\express\lib\router\index.js:317:13)
    at D:\vscodewk\node-example\express-gen\node_modules\express\lib\router\index.js:284:7
    at Function.process_params (D:\vscodewk\node-example\express-gen\node_modules\express\lib\router\index.js:335:12)
    at next (D:\vscodewk\node-example\express-gen\node_modules\express\lib\router\index.js:275:10)
    at D:\vscodewk\node-example\express-gen\node_modules\express\lib\router\index.js:635:15
    at next (D:\vscodewk\node-example\express-gen\node_modules\express\lib\router\index.js:260:14)
    at Function.handle (D:\vscodewk\node-example\express-gen\node_modules\express\lib\router\index.js:174:3)
    at router (D:\vscodewk\node-example\express-gen\node_modules\express\lib\router\index.js:47:12) {
  message: 'Not Found'
}
[2020-09-05T11:20:33.408] [INFO] normal - test info 1
[2020-09-05T11:20:42.129] [INFO] normal - >>>>>>>>>>>>>>>>>>>>>>>>>>>>>>>>>>>>>
[2020-09-05T11:20:42.130] [INFO] normal - ::ffff:192.168.1.3:65443 - - method: GET, url: /error, 请求参数：{"id":"12"}
[2020-09-05T11:20:42.183] [INFO] normal - >>>>>>>>>>>>>>>>>>>>>>>>>>>>>>>>>>>>>
[2020-09-05T11:20:42.184] [INFO] normal - ---------错误日志-------- Error: 哇哦，错了！
    at D:\vscodewk\node-example\express-gen\routes\error.js:8:11
    at Layer.handle [as handle_request] (D:\vscodewk\node-example\express-gen\node_modules\express\lib\router\layer.js:95:5)
    at next (D:\vscodewk\node-example\express-gen\node_modules\express\lib\router\route.js:137:13)
    at Route.dispatch (D:\vscodewk\node-example\express-gen\node_modules\express\lib\router\route.js:112:3)
    at Layer.handle [as handle_request] (D:\vscodewk\node-example\express-gen\node_modules\express\lib\router\layer.js:95:5)
    at D:\vscodewk\node-example\express-gen\node_modules\express\lib\router\index.js:281:22
    at Function.process_params (D:\vscodewk\node-example\express-gen\node_modules\express\lib\router\index.js:335:12)
    at next (D:\vscodewk\node-example\express-gen\node_modules\express\lib\router\index.js:275:10)
    at Function.handle (D:\vscodewk\node-example\express-gen\node_modules\express\lib\router\index.js:174:3)
    at router (D:\vscodewk\node-example\express-gen\node_modules\express\lib\router\index.js:47:12)
[2020-09-05T11:21:56.039] [INFO] normal - test info 1
[2020-09-05T11:22:01.614] [INFO] normal - >>>>>>>>>>>>>>>>>>>>>>>>>>>>>>>>>>>>>
[2020-09-05T11:22:01.615] [INFO] normal - ::1:58685 - - method: POST, url: /error/errJson, 请求参数：{"name":12}
[2020-09-05T11:22:01.621] [INFO] normal - >>>>>>>>>>>>>>>>>>>>>>>>>>>>>>>>>>>>>
[2020-09-05T11:22:01.623] [INFO] normal - ---------错误日志-------- ClientError [NotFoundError]: Not Found
    at D:\vscodewk\node-example\express-gen\app.js:69:8
    at Layer.handle [as handle_request] (D:\vscodewk\node-example\express-gen\node_modules\express\lib\router\layer.js:95:5)
    at trim_prefix (D:\vscodewk\node-example\express-gen\node_modules\express\lib\router\index.js:317:13)
    at D:\vscodewk\node-example\express-gen\node_modules\express\lib\router\index.js:284:7
    at Function.process_params (D:\vscodewk\node-example\express-gen\node_modules\express\lib\router\index.js:335:12)
    at next (D:\vscodewk\node-example\express-gen\node_modules\express\lib\router\index.js:275:10)
    at D:\vscodewk\node-example\express-gen\node_modules\express\lib\router\index.js:635:15
    at next (D:\vscodewk\node-example\express-gen\node_modules\express\lib\router\index.js:260:14)
    at Function.handle (D:\vscodewk\node-example\express-gen\node_modules\express\lib\router\index.js:174:3)
    at router (D:\vscodewk\node-example\express-gen\node_modules\express\lib\router\index.js:47:12) {
  message: 'Not Found'
}
[2020-09-05T11:22:18.143] [INFO] normal - test info 1
[2020-09-05T11:22:24.723] [INFO] normal - test info 1
[2020-09-05T11:22:28.284] [INFO] normal - >>>>>>>>>>>>>>>>>>>>>>>>>>>>>>>>>>>>>
[2020-09-05T11:22:28.285] [INFO] normal - ::1:58696 - - method: POST, url: /error/errJson, 请求参数：{"name":12}
[2020-09-05T11:22:28.291] [INFO] normal - >>>>>>>>>>>>>>>>>>>>>>>>>>>>>>>>>>>>>
[2020-09-05T11:22:28.294] [INFO] normal - ---------错误日志-------- ClientError [NotFoundError]: Not Found
    at D:\vscodewk\node-example\express-gen\app.js:69:8
    at Layer.handle [as handle_request] (D:\vscodewk\node-example\express-gen\node_modules\express\lib\router\layer.js:95:5)
    at trim_prefix (D:\vscodewk\node-example\express-gen\node_modules\express\lib\router\index.js:317:13)
    at D:\vscodewk\node-example\express-gen\node_modules\express\lib\router\index.js:284:7
    at Function.process_params (D:\vscodewk\node-example\express-gen\node_modules\express\lib\router\index.js:335:12)
    at next (D:\vscodewk\node-example\express-gen\node_modules\express\lib\router\index.js:275:10)
    at D:\vscodewk\node-example\express-gen\node_modules\express\lib\router\index.js:635:15
    at next (D:\vscodewk\node-example\express-gen\node_modules\express\lib\router\index.js:260:14)
    at Function.handle (D:\vscodewk\node-example\express-gen\node_modules\express\lib\router\index.js:174:3)
    at router (D:\vscodewk\node-example\express-gen\node_modules\express\lib\router\index.js:47:12) {
  message: 'Not Found'
}
[2020-09-05T11:25:22.418] [INFO] normal - test info 1
[2020-09-05T11:25:24.170] [INFO] normal - test info 1
[2020-09-05T11:27:04.276] [INFO] normal - test info 1
[2020-09-05T11:27:06.691] [INFO] normal - test info 1
